  Ball.cpp
f:\code\vs\breakout\breakout\ball.cpp(17): warning C4244: '=': conversion from 'long double' to 'float', possible loss of data
f:\code\vs\breakout\breakout\ball.cpp(18): warning C4244: '=': conversion from 'long double' to 'float', possible loss of data
f:\code\vs\breakout\breakout\ball.cpp(180): warning C4244: '=': conversion from 'float' to 'int', possible loss of data
  Breakout.cpp
  Collision.cpp
  Engine.cpp
  IdleState.cpp
  Level.cpp
f:\code\vs\breakout\breakout\level.cpp(111): warning C4244: 'initializing': conversion from 'int' to 'float', possible loss of data
f:\code\vs\breakout\breakout\level.cpp(139): warning C4244: 'initializing': conversion from 'int' to 'float', possible loss of data
f:\code\vs\breakout\breakout\level.cpp(140): warning C4244: 'initializing': conversion from 'int' to 'float', possible loss of data
f:\code\vs\breakout\breakout\level.cpp(142): warning C4244: 'argument': conversion from 'int' to 'float', possible loss of data
f:\code\vs\breakout\breakout\level.cpp(143): warning C4244: 'argument': conversion from 'int' to 'float', possible loss of data
f:\code\vs\breakout\breakout\level.cpp(144): warning C4244: 'argument': conversion from 'int' to 'float', possible loss of data
f:\code\vs\breakout\breakout\level.cpp(148): warning C4244: 'argument': conversion from 'int' to 'float', possible loss of data
f:\code\vs\breakout\breakout\level.cpp(153): warning C4244: 'argument': conversion from 'int' to 'float', possible loss of data
f:\code\vs\breakout\breakout\level.cpp(158): warning C4244: 'argument': conversion from 'int' to 'float', possible loss of data
  MoveState.cpp
  Player.cpp
  PlayerState.cpp
  XMLLevelParser.cpp
f:\code\vs\breakout\breakout\xmllevelparser.cpp(274): warning C4244: 'argument': conversion from 'int' to 'float', possible loss of data
f:\code\vs\breakout\breakout\rapidxml_utils.hpp(40): warning C4244: 'initializing': conversion from 'std::streamoff' to 'size_t', possible loss of data
  f:\code\vs\breakout\breakout\rapidxml_utils.hpp(28): note: while compiling class template member function 'rapidxml::file<char>::file(const char *)'
  f:\code\vs\breakout\breakout\xmllevelparser.cpp(40): note: see reference to function template instantiation 'rapidxml::file<char>::file(const char *)' being compiled
  f:\code\vs\breakout\breakout\xmllevelparser.cpp(40): note: see reference to class template instantiation 'rapidxml::file<char>' being compiled
  Generating code
  9 of 920 functions ( 1.0%) were compiled, the rest were copied from previous compilation.
    0 functions were new in current compilation
    1 functions had inline decision re-evaluated but remain unchanged
  Finished generating code
  Breakout.vcxproj -> F:\Code\VS\Breakout\Release\Breakout.exe
